commit 9569bab7c0794d9b547980c92c3dac6798400f8f
Author: Alvin Han <alvinhan1999@gmail.com>
Date:   Fri Oct 7 15:02:40 2022 -0400

    shell script now runs processTTC.R against all .csv files in /data/

commit 1050dc3f0c33d3f987b81175723ccfd807d984a2
Author: Alvin Han <alvinhan1999@gmail.com>
Date:   Fri Oct 7 14:54:49 2022 -0400

    most delays in february done! the R part of the assignment is finished

commit 9cc1e6d68511a3cea20c6a145965cb583bdc0666
Author: Alvin Han <alvinhan1999@gmail.com>
Date:   Fri Oct 7 14:05:02 2022 -0400

    minimum delay function working now!

commit 4143920865bc96b9c924e427d62c2522d7ee722c
Author: Alvin Han <alvinhan1999@gmail.com>
Date:   Thu Oct 6 16:44:38 2022 -0400

    started working on part D of the 1st section of the question

commit 433a02b4b727bfcfe68db60bb480151d4808c384
Author: Alvin Han <alvinhan1999@gmail.com>
Date:   Thu Oct 6 16:05:30 2022 -0400

    set colClasses to character so that it creates vectors instead of factors when reading the files

commit 151f75804246dc6d637abe8ff30ebae5084d82c0
Author: Alvin Han <alvinhan1999@gmail.com>
Date:   Thu Oct 6 15:29:37 2022 -0400

    delays per incident works but idrk why it thinks the output of types of incident is a vector of integers

commit 2c60aa7b14f07d06a98a37a71f353bf2724f042a
Author: Alvin Han <alvinhan1999@gmail.com>
Date:   Thu Oct 6 14:35:02 2022 -0400

    removed something from the commit that was unintentionally added

commit 0fe9b5e6a8bfee4999f08e55ce1230b713494c33
Author: Alvin Han <alvinhan1999@gmail.com>
Date:   Thu Oct 6 14:31:54 2022 -0400

    give up for today; can now read the file and identify the unique incidents. as for the rest.... idk yet

commit a4f9a2e7ecb0f1eacb861253d755002f9bdfaf6e
Author: Alvin Han <alvinhan1999@gmail.com>
Date:   Thu Oct 6 13:13:48 2022 -0400

    removed the zip and added to gitignore

commit a49ff1bd3ec5b21c83cda20a17be901e512b393a
Author: Alvin Han <alvinhan1999@gmail.com>
Date:   Thu Oct 6 13:08:06 2022 -0400

    new assignment folder w/ blank files and the raw data we're working with

commit a7ded18e2aee4f9d282f23e6872d086fc6f23279
Author: elixirical <alvinhan1999@gmail.com>
Date:   Thu Sep 29 19:50:42 2022 -0400

    completed assignment3

commit 964a8b4b73479d73b504e03c83895f36c43c9efc
Author: elixirical <alvinhan1999@gmail.com>
Date:   Thu Sep 29 19:30:34 2022 -0400

    included a lintr file so that it stops screaming at me for using acmel case and dotted case

commit 1beec83060e8279f8353ce3282de1ee110252c2f
Author: elixirical <alvinhan1999@gmail.com>
Date:   Thu Sep 29 17:20:14 2022 -0400

    um

commit 2891433986892725242206d7378781e2c965e4b7
Author: Alvin H <alvinhan1999@gmail.com>
Date:   Mon Sep 26 19:22:46 2022 -0400

    add gitignore for random other files skjdasdjkasd

commit eef146ded52863eae630c7809d4c267105c7cf3c
Author: elixirical <alvinhan1999@gmail.com>
Date:   Mon Sep 26 19:15:19 2022 -0400

    assignment 2 done i think

commit 848a3a76c327871c89dbf5ef4b1087345dc8cede
Author: elixirical <alvinhan1999@gmail.com>
Date:   Mon Sep 26 18:18:31 2022 -0400

    assignment 2

commit 7108f1225e0754982a49712bc00e60507fbe1192
Author: Alvin H <alvinhan1999@gmail.com>
Date:   Thu Sep 22 01:45:48 2022 -0400

    oop consistency

commit feb3d1faab0d777cf68937867030f6748bf6459f
Author: Alvin H <alvinhan1999@gmail.com>
Date:   Thu Sep 22 01:41:13 2022 -0400

    turns out windows bash and WLS bash run echo differently and when i run this dumb thing on debian it magincally works without overwritting the line lmfao

commit 319b5a97a38bcbcf81f24b675ccba790e04fc9b6
Author: Alvin H <alvinhan1999@gmail.com>
Date:   Thu Sep 22 01:36:39 2022 -0400

    wooo

commit 7b71de6540d09300e4a43850517bce7aa5180c41
Author: Alvin H <alvinhan1999@gmail.com>
Date:   Thu Sep 22 00:11:46 2022 -0400

    Initial commit
